<?xml version="1.0" encoding="UTF-8"?>
<testng-results skipped="0" failed="0" ignored="0" total="2" passed="2">
  <reporter-output>
  </reporter-output>
  <suite name="Command line suite" duration-ms="120520" started-at="2020-04-15T12:38:09Z" finished-at="2020-04-15T12:40:09Z">
    <groups>
    </groups>
    <test name="Command line test" duration-ms="120520" started-at="2020-04-15T12:38:09Z" finished-at="2020-04-15T12:40:09Z">
      <class name="com.knoldus.PredictiveDropdown">
        <test-method status="PASS" signature="flipkart_search()[pri:0, instance:com.knoldus.PredictiveDropdown@699b30cf]" name="flipkart_search" duration-ms="66826" started-at="2020-04-15T18:08:09Z" finished-at="2020-04-15T18:09:16Z">
          <reporter-output>
          </reporter-output>
        </test-method> <!-- flipkart_search -->
        <test-method status="PASS" signature="on_amazon()[pri:0, instance:com.knoldus.PredictiveDropdown@699b30cf]" name="on_amazon" duration-ms="53658" started-at="2020-04-15T18:09:16Z" finished-at="2020-04-15T18:10:09Z">
          <reporter-output>
          </reporter-output>
        </test-method> <!-- on_amazon -->
      </class> <!-- com.knoldus.PredictiveDropdown -->
    </test> <!-- Command line test -->
  </suite> <!-- Command line suite -->
</testng-results>
